  main.cpp
D:\Code\DataStructureAndAlgorithm\DSA_Cplusplus\5_Graph\3_ShortestPath\BellmanFord.h(122,2): warning C4018:  “<”: 有符号/无符号不匹配
D:\Code\DataStructureAndAlgorithm\DSA_Cplusplus\5_Graph\3_ShortestPath\BellmanFord.h(118): message :  在编译 类 模板 成员函数“void BellmanFord<SparseGraph<int>,int>::showPath(int)”时
D:\Code\DataStructureAndAlgorithm\DSA_Cplusplus\5_Graph\3_ShortestPath\main.cpp(59): message :  查看对正在编译的函数 模板 实例化“void BellmanFord<SparseGraph<int>,int>::showPath(int)”的引用
D:\Code\DataStructureAndAlgorithm\DSA_Cplusplus\5_Graph\3_ShortestPath\main.cpp(49): message :  查看对正在编译的 类 模板 实例化“BellmanFord<SparseGraph<int>,int>”的引用
D:\Code\DataStructureAndAlgorithm\DSA_Cplusplus\5_Graph\3_ShortestPath\Dijkstra.h(122,2): warning C4018:  “<”: 有符号/无符号不匹配
D:\Code\DataStructureAndAlgorithm\DSA_Cplusplus\5_Graph\3_ShortestPath\Dijkstra.h(115): message :  在编译 类 模板 成员函数“void Dijkstra<SparseGraph<int>,int>::showPath(int)”时
D:\Code\DataStructureAndAlgorithm\DSA_Cplusplus\5_Graph\3_ShortestPath\main.cpp(27): message :  查看对正在编译的函数 模板 实例化“void Dijkstra<SparseGraph<int>,int>::showPath(int)”的引用
D:\Code\DataStructureAndAlgorithm\DSA_Cplusplus\5_Graph\3_ShortestPath\main.cpp(23): message :  查看对正在编译的 类 模板 实例化“Dijkstra<SparseGraph<int>,int>”的引用
D:\Code\DataStructureAndAlgorithm\DSA_Cplusplus\5_Graph\3_ShortestPath\SparseGraph.h(32,2): warning C4018:  “<”: 有符号/无符号不匹配
D:\Code\DataStructureAndAlgorithm\DSA_Cplusplus\5_Graph\3_ShortestPath\SparseGraph.h(30): message :  在编译 类 模板 成员函数“SparseGraph<int>::~SparseGraph(void)”时
D:\Code\DataStructureAndAlgorithm\DSA_Cplusplus\5_Graph\3_ShortestPath\main.cpp(17): message :  查看对正在编译的函数 模板 实例化“SparseGraph<int>::~SparseGraph(void)”的引用
D:\Code\DataStructureAndAlgorithm\DSA_Cplusplus\5_Graph\3_ShortestPath\main.cpp(17): message :  查看对正在编译的 类 模板 实例化“SparseGraph<int>”的引用
D:\Code\DataStructureAndAlgorithm\DSA_Cplusplus\5_Graph\3_ShortestPath\SparseGraph.h(110,17): warning C4018:  “>=”: 有符号/无符号不匹配
D:\Code\DataStructureAndAlgorithm\DSA_Cplusplus\5_Graph\3_ShortestPath\SparseGraph.h(109): message :  在编译 类 模板 成员函数“bool SparseGraph<int>::adjIterator::end(void)”时
D:\Code\DataStructureAndAlgorithm\DSA_Cplusplus\5_Graph\3_ShortestPath\BellmanFord.h(55): message :  查看对正在编译的函数 模板 实例化“bool SparseGraph<int>::adjIterator::end(void)”的引用
D:\Code\DataStructureAndAlgorithm\DSA_Cplusplus\5_Graph\3_ShortestPath\BellmanFord.h(54): message :  查看对正在编译的 类 模板 实例化“SparseGraph<int>::adjIterator”的引用
D:\Code\DataStructureAndAlgorithm\DSA_Cplusplus\5_Graph\3_ShortestPath\BellmanFord.h(35): message :  在编译 类 模板 成员函数“BellmanFord<SparseGraph<int>,int>::BellmanFord(Graph &,int)”时
D:\Code\DataStructureAndAlgorithm\DSA_Cplusplus\5_Graph\3_ShortestPath\BellmanFord.h(35): message :         with
D:\Code\DataStructureAndAlgorithm\DSA_Cplusplus\5_Graph\3_ShortestPath\BellmanFord.h(35): message :         [
D:\Code\DataStructureAndAlgorithm\DSA_Cplusplus\5_Graph\3_ShortestPath\BellmanFord.h(35): message :             Graph=SparseGraph<int>
D:\Code\DataStructureAndAlgorithm\DSA_Cplusplus\5_Graph\3_ShortestPath\BellmanFord.h(35): message :         ]
D:\Code\DataStructureAndAlgorithm\DSA_Cplusplus\5_Graph\3_ShortestPath\main.cpp(49): message :  查看对正在编译的函数 模板 实例化“BellmanFord<SparseGraph<int>,int>::BellmanFord(Graph &,int)”的引用
D:\Code\DataStructureAndAlgorithm\DSA_Cplusplus\5_Graph\3_ShortestPath\main.cpp(49): message :         with
D:\Code\DataStructureAndAlgorithm\DSA_Cplusplus\5_Graph\3_ShortestPath\main.cpp(49): message :         [
D:\Code\DataStructureAndAlgorithm\DSA_Cplusplus\5_Graph\3_ShortestPath\main.cpp(49): message :             Graph=SparseGraph<int>
D:\Code\DataStructureAndAlgorithm\DSA_Cplusplus\5_Graph\3_ShortestPath\main.cpp(49): message :         ]
D:\Code\DataStructureAndAlgorithm\DSA_Cplusplus\5_Graph\3_ShortestPath\SparseGraph.h(103,14): warning C4018:  “<”: 有符号/无符号不匹配
D:\Code\DataStructureAndAlgorithm\DSA_Cplusplus\5_Graph\3_ShortestPath\SparseGraph.h(101): message :  在编译 类 模板 成员函数“Edge<Weight> *SparseGraph<Weight>::adjIterator::next(void)”时
D:\Code\DataStructureAndAlgorithm\DSA_Cplusplus\5_Graph\3_ShortestPath\SparseGraph.h(101): message :         with
D:\Code\DataStructureAndAlgorithm\DSA_Cplusplus\5_Graph\3_ShortestPath\SparseGraph.h(101): message :         [
D:\Code\DataStructureAndAlgorithm\DSA_Cplusplus\5_Graph\3_ShortestPath\SparseGraph.h(101): message :             Weight=int
D:\Code\DataStructureAndAlgorithm\DSA_Cplusplus\5_Graph\3_ShortestPath\SparseGraph.h(101): message :         ]
D:\Code\DataStructureAndAlgorithm\DSA_Cplusplus\5_Graph\3_ShortestPath\BellmanFord.h(55): message :  查看对正在编译的函数 模板 实例化“Edge<Weight> *SparseGraph<Weight>::adjIterator::next(void)”的引用
D:\Code\DataStructureAndAlgorithm\DSA_Cplusplus\5_Graph\3_ShortestPath\BellmanFord.h(55): message :         with
D:\Code\DataStructureAndAlgorithm\DSA_Cplusplus\5_Graph\3_ShortestPath\BellmanFord.h(55): message :         [
D:\Code\DataStructureAndAlgorithm\DSA_Cplusplus\5_Graph\3_ShortestPath\BellmanFord.h(55): message :             Weight=int
D:\Code\DataStructureAndAlgorithm\DSA_Cplusplus\5_Graph\3_ShortestPath\BellmanFord.h(55): message :         ]
  3_ShortestPath.vcxproj -> D:\Code\DataStructureAndAlgorithm\DSA_Cplusplus\Debug\3_ShortestPath.exe
