  main.cpp
D:\Code\DataStructureAndAlgorithm\DSA_Cplusplus\5_Graph\2_Minimum_Span_Trees\main.cpp(19,20): warning C4018:  “<”: 有符号/无符号不匹配
D:\Code\DataStructureAndAlgorithm\DSA_Cplusplus\5_Graph\2_Minimum_Span_Trees\LazyPrimMST.h(64,2): warning C4018:  “<”: 有符号/无符号不匹配
D:\Code\DataStructureAndAlgorithm\DSA_Cplusplus\5_Graph\2_Minimum_Span_Trees\LazyPrimMST.h(36): message :  在编译 类 模板 成员函数“LazyPrimMST<SparseGraph<double>,double>::LazyPrimMST(Graph &)”时
D:\Code\DataStructureAndAlgorithm\DSA_Cplusplus\5_Graph\2_Minimum_Span_Trees\LazyPrimMST.h(36): message :         with
D:\Code\DataStructureAndAlgorithm\DSA_Cplusplus\5_Graph\2_Minimum_Span_Trees\LazyPrimMST.h(36): message :         [
D:\Code\DataStructureAndAlgorithm\DSA_Cplusplus\5_Graph\2_Minimum_Span_Trees\LazyPrimMST.h(36): message :             Graph=SparseGraph<double>
D:\Code\DataStructureAndAlgorithm\DSA_Cplusplus\5_Graph\2_Minimum_Span_Trees\LazyPrimMST.h(36): message :         ]
D:\Code\DataStructureAndAlgorithm\DSA_Cplusplus\5_Graph\2_Minimum_Span_Trees\main.cpp(17): message :  查看对正在编译的函数 模板 实例化“LazyPrimMST<SparseGraph<double>,double>::LazyPrimMST(Graph &)”的引用
D:\Code\DataStructureAndAlgorithm\DSA_Cplusplus\5_Graph\2_Minimum_Span_Trees\main.cpp(17): message :         with
D:\Code\DataStructureAndAlgorithm\DSA_Cplusplus\5_Graph\2_Minimum_Span_Trees\main.cpp(17): message :         [
D:\Code\DataStructureAndAlgorithm\DSA_Cplusplus\5_Graph\2_Minimum_Span_Trees\main.cpp(17): message :             Graph=SparseGraph<double>
D:\Code\DataStructureAndAlgorithm\DSA_Cplusplus\5_Graph\2_Minimum_Span_Trees\main.cpp(17): message :         ]
D:\Code\DataStructureAndAlgorithm\DSA_Cplusplus\5_Graph\2_Minimum_Span_Trees\main.cpp(17): message :  查看对正在编译的 类 模板 实例化“LazyPrimMST<SparseGraph<double>,double>”的引用
D:\Code\DataStructureAndAlgorithm\DSA_Cplusplus\5_Graph\2_Minimum_Span_Trees\SparseGraph.h(32,2): warning C4018:  “<”: 有符号/无符号不匹配
D:\Code\DataStructureAndAlgorithm\DSA_Cplusplus\5_Graph\2_Minimum_Span_Trees\SparseGraph.h(30): message :  在编译 类 模板 成员函数“SparseGraph<double>::~SparseGraph(void)”时
D:\Code\DataStructureAndAlgorithm\DSA_Cplusplus\5_Graph\2_Minimum_Span_Trees\main.cpp(12): message :  查看对正在编译的函数 模板 实例化“SparseGraph<double>::~SparseGraph(void)”的引用
D:\Code\DataStructureAndAlgorithm\DSA_Cplusplus\5_Graph\2_Minimum_Span_Trees\main.cpp(12): message :  查看对正在编译的 类 模板 实例化“SparseGraph<double>”的引用
D:\Code\DataStructureAndAlgorithm\DSA_Cplusplus\5_Graph\2_Minimum_Span_Trees\SparseGraph.h(110,17): warning C4018:  “>=”: 有符号/无符号不匹配
D:\Code\DataStructureAndAlgorithm\DSA_Cplusplus\5_Graph\2_Minimum_Span_Trees\SparseGraph.h(109): message :  在编译 类 模板 成员函数“bool SparseGraph<double>::adjIterator::end(void)”时
D:\Code\DataStructureAndAlgorithm\DSA_Cplusplus\5_Graph\2_Minimum_Span_Trees\LazyPrimMST.h(29): message :  查看对正在编译的函数 模板 实例化“bool SparseGraph<double>::adjIterator::end(void)”的引用
D:\Code\DataStructureAndAlgorithm\DSA_Cplusplus\5_Graph\2_Minimum_Span_Trees\LazyPrimMST.h(28): message :  查看对正在编译的 类 模板 实例化“SparseGraph<double>::adjIterator”的引用
D:\Code\DataStructureAndAlgorithm\DSA_Cplusplus\5_Graph\2_Minimum_Span_Trees\LazyPrimMST.h(23): message :  在编译 类 模板 成员函数“void LazyPrimMST<SparseGraph<double>,double>::visit(int)”时
D:\Code\DataStructureAndAlgorithm\DSA_Cplusplus\5_Graph\2_Minimum_Span_Trees\LazyPrimMST.h(44): message :  查看对正在编译的函数 模板 实例化“void LazyPrimMST<SparseGraph<double>,double>::visit(int)”的引用
D:\Code\DataStructureAndAlgorithm\DSA_Cplusplus\5_Graph\2_Minimum_Span_Trees\SparseGraph.h(103,14): warning C4018:  “<”: 有符号/无符号不匹配
D:\Code\DataStructureAndAlgorithm\DSA_Cplusplus\5_Graph\2_Minimum_Span_Trees\SparseGraph.h(101): message :  在编译 类 模板 成员函数“Edge<Weight> *SparseGraph<Weight>::adjIterator::next(void)”时
D:\Code\DataStructureAndAlgorithm\DSA_Cplusplus\5_Graph\2_Minimum_Span_Trees\SparseGraph.h(101): message :         with
D:\Code\DataStructureAndAlgorithm\DSA_Cplusplus\5_Graph\2_Minimum_Span_Trees\SparseGraph.h(101): message :         [
D:\Code\DataStructureAndAlgorithm\DSA_Cplusplus\5_Graph\2_Minimum_Span_Trees\SparseGraph.h(101): message :             Weight=double
D:\Code\DataStructureAndAlgorithm\DSA_Cplusplus\5_Graph\2_Minimum_Span_Trees\SparseGraph.h(101): message :         ]
D:\Code\DataStructureAndAlgorithm\DSA_Cplusplus\5_Graph\2_Minimum_Span_Trees\LazyPrimMST.h(29): message :  查看对正在编译的函数 模板 实例化“Edge<Weight> *SparseGraph<Weight>::adjIterator::next(void)”的引用
D:\Code\DataStructureAndAlgorithm\DSA_Cplusplus\5_Graph\2_Minimum_Span_Trees\LazyPrimMST.h(29): message :         with
D:\Code\DataStructureAndAlgorithm\DSA_Cplusplus\5_Graph\2_Minimum_Span_Trees\LazyPrimMST.h(29): message :         [
D:\Code\DataStructureAndAlgorithm\DSA_Cplusplus\5_Graph\2_Minimum_Span_Trees\LazyPrimMST.h(29): message :             Weight=double
D:\Code\DataStructureAndAlgorithm\DSA_Cplusplus\5_Graph\2_Minimum_Span_Trees\LazyPrimMST.h(29): message :         ]
  2_Minimum_Span_Trees.vcxproj -> D:\Code\DataStructureAndAlgorithm\DSA_Cplusplus\Debug\2_Minimum_Span_Trees.exe
